#
# There is insufficient memory for the Java Runtime Environment to continue.
# Native memory allocation (malloc) failed to allocate 393136 bytes for Chunk::new
# Possible reasons:
#   The system is out of physical RAM or swap space
#   The process is running with CompressedOops enabled, and the Java Heap may be blocking the growth of the native heap
# Possible solutions:
#   Reduce memory load on the system
#   Increase physical memory or swap space
#   Check if swap backing store is full
#   Decrease Java heap size (-Xmx/-Xms)
#   Decrease number of Java threads
#   Decrease Java thread stack sizes (-Xss)
#   Set larger code cache with -XX:ReservedCodeCacheSize=
#   JVM is running with Unscaled Compressed Oops mode in which the Java heap is
#     placed in the first 4GB address space. The Java Heap base address is the
#     maximum limit for the native heap growth. Please use -XX:HeapBaseMinAddress
#     to set the Java Heap base and to place the Java Heap above 4GB virtual address.
# This output file may be truncated or incomplete.
#
#  Out of Memory Error (arena.cpp:191), pid=10652, tid=8452
#
# JRE version: OpenJDK Runtime Environment Temurin-17.0.10+7 (17.0.10+7) (build 17.0.10+7)
# Java VM: OpenJDK 64-Bit Server VM Temurin-17.0.10+7 (17.0.10+7, mixed mode, tiered, compressed oops, compressed class ptrs, parallel gc, windows-amd64)
# No core dump will be written. Minidumps are not enabled by default on client versions of Windows
#

---------------  S U M M A R Y ------------

Command Line: --add-modules=ALL-SYSTEM --add-opens=java.base/java.util=ALL-UNNAMED --add-opens=java.base/java.lang=ALL-UNNAMED --add-opens=java.base/sun.nio.fs=ALL-UNNAMED -Declipse.application=org.eclipse.jdt.ls.core.id1 -Dosgi.bundles.defaultStartLevel=4 -Declipse.product=org.eclipse.jdt.ls.core.product -Djava.import.generatesMetadataFilesAtProjectRoot=false -DDetectVMInstallationsJob.disabled=true -Dfile.encoding=utf8 -XX:+UseParallelGC -XX:GCTimeRatio=4 -XX:AdaptiveSizePolicyWeight=90 -Dsun.zip.disableMemoryMapping=true -Xmx1G -Xms100m -Xlog:disable -javaagent:c:\Users\jahusted\.vscode\extensions\redhat.java-1.29.0-win32-x64\lombok\lombok-1.18.32.jar c:\Users\jahusted\.vscode\extensions\redhat.java-1.29.0-win32-x64\server\plugins\org.eclipse.equinox.launcher_1.6.800.v20240304-1850.jar -configuration c:\Users\jahusted\AppData\Roaming\Code\User\globalStorage\redhat.java\1.29.0\config_ss_win -data c:\Users\jahusted\AppData\Roaming\Code\User\workspaceStorage\b5cc07b668e1f4394a6de87a70e33d01\redhat.java\ss_ws --stdio

Host: Intel(R) Xeon(R) Platinum 8370C CPU @ 2.80GHz, 2 cores, 3G,  Windows 11 , 64 bit Build 22000 (10.0.22000.2538)
Time: Mon Apr  8 04:03:58 2024 Coordinated Universal Time elapsed time: 311.853481 seconds (0d 0h 5m 11s)

---------------  T H R E A D  ---------------

Current thread (0x0000017a165ae9b0):  JavaThread "C2 CompilerThread0" daemon [_thread_in_native, id=8452, stack(0x0000002975200000,0x0000002975300000)]


Current CompileTask:
C2: 311853 5008       4       org.osgi.framework.Version::toString0 (102 bytes)

Stack: [0x0000002975200000,0x0000002975300000]
Native frames: (J=compiled Java code, j=interpreted, Vv=VM code, C=native code)
V  [jvm.dll+0x67d2c9]
V  [jvm.dll+0x834afa]
V  [jvm.dll+0x8365be]
V  [jvm.dll+0x836c23]
V  [jvm.dll+0x2477ff]
V  [jvm.dll+0xac514]
V  [jvm.dll+0xacb5c]
V  [jvm.dll+0x366782]
V  [jvm.dll+0x1bcd86]
V  [jvm.dll+0x21a049]
V  [jvm.dll+0x219311]
V  [jvm.dll+0x1a502d]
V  [jvm.dll+0x2290de]
V  [jvm.dll+0x2272ac]
V  [jvm.dll+0x7e9bb7]
V  [jvm.dll+0x7e3fba]
V  [jvm.dll+0x67c1b5]
C  [ucrtbase.dll+0x26c0c]
C  [KERNEL32.DLL+0x153e0]
C  [ntdll.dll+0x485b]


---------------  P R O C E S S  ---------------

Threads class SMR info:
_java_thread_list=0x0000017a1c3e0340, length=24, elements={
0x0000017a02781a20, 0x0000017a16578020, 0x0000017a16579190, 0x0000017a165aa330,
0x0000017a165aac00, 0x0000017a165ab4d0, 0x0000017a165abda0, 0x0000017a165ae9b0,
0x0000017a165f8900, 0x0000017a1b10a860, 0x0000017a027e4760, 0x0000017a1b4fe5c0,
0x0000017a1b97d3f0, 0x0000017a1b8af340, 0x0000017a1ba53f30, 0x0000017a1b9f2ed0,
0x0000017a1c441ef0, 0x0000017a1c442910, 0x0000017a1c443840, 0x0000017a1c444c80,
0x0000017a1c442400, 0x0000017a1c443d50, 0x0000017a1c4456a0, 0x0000017a1c444260
}

Java Threads: ( => current thread )
  0x0000017a02781a20 JavaThread "main" [_thread_blocked, id=4688, stack(0x0000002974900000,0x0000002974a00000)]
  0x0000017a16578020 JavaThread "Reference Handler" daemon [_thread_blocked, id=9392, stack(0x0000002974c00000,0x0000002974d00000)]
  0x0000017a16579190 JavaThread "Finalizer" daemon [_thread_blocked, id=2964, stack(0x0000002974d00000,0x0000002974e00000)]
  0x0000017a165aa330 JavaThread "Signal Dispatcher" daemon [_thread_blocked, id=8400, stack(0x0000002974e00000,0x0000002974f00000)]
  0x0000017a165aac00 JavaThread "Attach Listener" daemon [_thread_blocked, id=4332, stack(0x0000002974f00000,0x0000002975000000)]
  0x0000017a165ab4d0 JavaThread "Service Thread" daemon [_thread_blocked, id=9324, stack(0x0000002975000000,0x0000002975100000)]
  0x0000017a165abda0 JavaThread "Monitor Deflation Thread" daemon [_thread_blocked, id=8696, stack(0x0000002975100000,0x0000002975200000)]
=>0x0000017a165ae9b0 JavaThread "C2 CompilerThread0" daemon [_thread_in_native, id=8452, stack(0x0000002975200000,0x0000002975300000)]
  0x0000017a165f8900 JavaThread "C1 CompilerThread0" daemon [_thread_blocked, id=5816, stack(0x0000002975300000,0x0000002975400000)]
  0x0000017a1b10a860 JavaThread "Sweeper thread" daemon [_thread_blocked, id=9300, stack(0x0000002975400000,0x0000002975500000)]
  0x0000017a027e4760 JavaThread "Common-Cleaner" daemon [_thread_blocked, id=10880, stack(0x0000002975500000,0x0000002975600000)]
  0x0000017a1b4fe5c0 JavaThread "Notification Thread" daemon [_thread_blocked, id=1500, stack(0x0000002975600000,0x0000002975700000)]
  0x0000017a1b97d3f0 JavaThread "Active Thread: Equinox Container: 67a12860-425a-4059-aa35-7c83df9a10a4" [_thread_blocked, id=6396, stack(0x0000002975b00000,0x0000002975c00000)]
  0x0000017a1b8af340 JavaThread "Framework Event Dispatcher: Equinox Container: 67a12860-425a-4059-aa35-7c83df9a10a4" daemon [_thread_blocked, id=4672, stack(0x0000002975c00000,0x0000002975d00000)]
  0x0000017a1ba53f30 JavaThread "Start Level: Equinox Container: 67a12860-425a-4059-aa35-7c83df9a10a4" daemon [_thread_blocked, id=5272, stack(0x0000002975d00000,0x0000002975e00000)]
  0x0000017a1b9f2ed0 JavaThread "Refresh Thread: Equinox Container: 67a12860-425a-4059-aa35-7c83df9a10a4" daemon [_thread_blocked, id=9756, stack(0x0000002975e00000,0x0000002975f00000)]
  0x0000017a1c441ef0 JavaThread "SCR Component Actor" daemon [_thread_blocked, id=4376, stack(0x0000002975f00000,0x0000002976000000)]
  0x0000017a1c442910 JavaThread "Worker-JM" [_thread_blocked, id=1732, stack(0x0000002976100000,0x0000002976200000)]
  0x0000017a1c443840 JavaThread "Worker-0" [_thread_blocked, id=8812, stack(0x0000002976200000,0x0000002976300000)]
  0x0000017a1c444c80 JavaThread "JNA Cleaner" daemon [_thread_blocked, id=10884, stack(0x0000002976400000,0x0000002976500000)]
  0x0000017a1c442400 JavaThread "pool-2-thread-1" [_thread_blocked, id=8116, stack(0x0000002976700000,0x0000002976800000)]
  0x0000017a1c443d50 JavaThread "WorkspaceEventsHandler" [_thread_blocked, id=5840, stack(0x0000002976800000,0x0000002976900000)]
  0x0000017a1c4456a0 JavaThread "pool-1-thread-1" [_thread_in_vm, id=2492, stack(0x0000002976900000,0x0000002976a00000)]
  0x0000017a1c444260 JavaThread "Worker-2" [_thread_blocked, id=11088, stack(0x0000002976a00000,0x0000002976b00000)]

Other Threads:
  0x0000017a0060ed20 VMThread "VM Thread" [stack: 0x0000002974b00000,0x0000002974c00000] [id=4996]
  0x0000017a1b33f5f0 WatcherThread [stack: 0x0000002975700000,0x0000002975800000] [id=9808]
  0x0000017a02795580 GCTaskThread "GC Thread#0" [stack: 0x0000002974a00000,0x0000002974b00000] [id=5096]
  0x0000017a1b9dfcd0 GCTaskThread "GC Thread#1" [stack: 0x0000002975800000,0x0000002975900000] [id=2524]

Threads with active compile tasks:
C2 CompilerThread0   311880 5008       4       org.osgi.framework.Version::toString0 (102 bytes)

VM state: not at safepoint (normal execution)

VM Mutex/Monitor currently owned by a thread: None

Heap address: 0x00000000c0000000, size: 1024 MB, Compressed Oops mode: 32-bit

CDS archive(s) not mapped
Compressed class space mapped at: 0x0000000100000000-0x0000000140000000, reserved size: 1073741824
Narrow klass base: 0x0000000000000000, Narrow klass shift: 3, Narrow klass range: 0x140000000

GC Precious Log:
 CPUs: 2 total, 2 available
 Memory: 4044M
 Large Page Support: Disabled
 NUMA Support: Disabled
 Compressed Oops: Enabled (32-bit)
 Alignments: Space 512K, Generation 512K, Heap 2M
 Heap Min Capacity: 100M
 Heap Initial Capacity: 100M
 Heap Max Capacity: 1G
 Pre-touch: Disabled
 Parallel Workers: 2

Heap:
 PSYoungGen      total 23552K, used 21872K [0x00000000eab00000, 0x00000000ec680000, 0x0000000100000000)
  eden space 22016K, 93% used [0x00000000eab00000,0x00000000ebf08d70,0x00000000ec080000)
  from space 1536K, 88% used [0x00000000ec180000,0x00000000ec2d3510,0x00000000ec300000)
  to   space 2560K, 0% used [0x00000000ec400000,0x00000000ec400000,0x00000000ec680000)
 ParOldGen       total 68608K, used 27604K [0x00000000c0000000, 0x00000000c4300000, 0x00000000eab00000)
  object space 68608K, 40% used [0x00000000c0000000,0x00000000c1af50b8,0x00000000c4300000)
 Metaspace       used 40776K, committed 41536K, reserved 1114112K
  class space    used 4126K, committed 4416K, reserved 1048576K

Card table byte_map: [0x0000017a02140000,0x0000017a02350000] _byte_map_base: 0x0000017a01b40000

Marking Bits: (ParMarkBitMap*) 0x00007ff950c9d7d0
 Begin Bits: [0x0000017a14410000, 0x0000017a15410000)
 End Bits:   [0x0000017a15410000, 0x0000017a16410000)

Polling page: 0x0000017a01f30000

Metaspace:

Usage:
  Non-class:     35.79 MB used.
      Class:      4.03 MB used.
       Both:     39.82 MB used.

Virtual space:
  Non-class space:       64.00 MB reserved,      36.25 MB ( 57%) committed,  1 nodes.
      Class space:        1.00 GB reserved,       4.31 MB ( <1%) committed,  1 nodes.
             Both:        1.06 GB reserved,      40.56 MB (  4%) committed. 

Chunk freelists:
   Non-Class:  10.98 MB
       Class:  11.69 MB
        Both:  22.67 MB

MaxMetaspaceSize: unlimited
CompressedClassSpaceSize: 1.00 GB
Initial GC threshold: 21.00 MB
Current GC threshold: 58.38 MB
CDS: off
MetaspaceReclaimPolicy: balanced
 - commit_granule_bytes: 65536.
 - commit_granule_words: 8192.
 - virtual_space_node_default_size: 8388608.
 - enlarge_chunks_in_place: 1.
 - new_chunks_are_fully_committed: 0.
 - uncommit_free_chunks: 1.
 - use_allocation_guard: 0.
 - handle_deallocations: 1.


Internal statistics:

num_allocs_failed_limit: 6.
num_arena_births: 382.
num_arena_deaths: 14.
num_vsnodes_births: 2.
num_vsnodes_deaths: 0.
num_space_committed: 649.
num_space_uncommitted: 0.
num_chunks_returned_to_freelist: 27.
num_chunks_taken_from_freelist: 1700.
num_chunk_merges: 14.
num_chunk_splits: 1101.
num_chunks_enlarged: 716.
num_inconsistent_stats: 0.

CodeHeap 'non-profiled nmethods': size=120064Kb used=2406Kb max_used=2406Kb free=117657Kb
 bounds [0x0000017a0ced0000, 0x0000017a0d140000, 0x0000017a14410000]
CodeHeap 'profiled nmethods': size=120000Kb used=10848Kb max_used=10848Kb free=109151Kb
 bounds [0x0000017a05410000, 0x0000017a05eb0000, 0x0000017a0c940000]
CodeHeap 'non-nmethods': size=5696Kb used=1297Kb max_used=1328Kb free=4398Kb
 bounds [0x0000017a0c940000, 0x0000017a0cbb0000, 0x0000017a0ced0000]
 total_blobs=5620 nmethods=5005 adapters=529
 compilation: enabled
              stopped_count=0, restarted_count=0
 full_count=0

Compilation events (20 events):
Event: 311.729 Thread 0x0000017a165f8900 nmethod 4998 0x0000017a05ea4d10 code [0x0000017a05ea4ea0, 0x0000017a05ea4fe8]
Event: 311.731 Thread 0x0000017a165f8900 4999       3       sun.util.ResourceBundleEnumeration::hasMoreElements (117 bytes)
Event: 311.731 Thread 0x0000017a165f8900 nmethod 4999 0x0000017a05ea5090 code [0x0000017a05ea52c0, 0x0000017a05ea5ca8]
Event: 311.731 Thread 0x0000017a165f8900 5000       3       sun.util.ResourceBundleEnumeration::nextElement (5 bytes)
Event: 311.732 Thread 0x0000017a165f8900 nmethod 5000 0x0000017a05ea5e90 code [0x0000017a05ea6060, 0x0000017a05ea6358]
Event: 311.732 Thread 0x0000017a165f8900 5001       3       org.eclipse.jdt.internal.compiler.problem.DefaultProblemFactory::keyFromID (4 bytes)
Event: 311.732 Thread 0x0000017a165f8900 nmethod 5001 0x0000017a05ea6490 code [0x0000017a05ea6620, 0x0000017a05ea6718]
Event: 311.732 Thread 0x0000017a165f8900 5002       3       org.eclipse.jdt.internal.compiler.util.HashtableOfInt::put (95 bytes)
Event: 311.732 Thread 0x0000017a165f8900 nmethod 5002 0x0000017a05ea6790 code [0x0000017a05ea6980, 0x0000017a05ea6f68]
Event: 311.732 Thread 0x0000017a165ae9b0 5003       4       java.util.Hashtable$Enumerator::hasMoreElements (53 bytes)
Event: 311.735 Thread 0x0000017a165ae9b0 nmethod 5003 0x0000017a0d128010 code [0x0000017a0d128180, 0x0000017a0d128318]
Event: 311.783 Thread 0x0000017a165f8900 5004   !   3       java.util.WeakHashMap::expungeStaleEntries (139 bytes)
Event: 311.783 Thread 0x0000017a165f8900 nmethod 5004 0x0000017a05ea7190 code [0x0000017a05ea73a0, 0x0000017a05ea7cc8]
Event: 311.785 Thread 0x0000017a165ae9b0 5005       4       java.util.HashMap::putVal (300 bytes)
Event: 311.793 Thread 0x0000017a165ae9b0 nmethod 5005 0x0000017a0d128410 code [0x0000017a0d128600, 0x0000017a0d128db8]
Event: 311.809 Thread 0x0000017a165ae9b0 5006       4       java.lang.StringConcatHelper::newString (67 bytes)
Event: 311.810 Thread 0x0000017a165ae9b0 nmethod 5006 0x0000017a0d129390 code [0x0000017a0d129520, 0x0000017a0d129618]
Event: 311.815 Thread 0x0000017a165ae9b0 5007       4       java.util.RegularEnumSet::contains (57 bytes)
Event: 311.816 Thread 0x0000017a165ae9b0 nmethod 5007 0x0000017a0d129710 code [0x0000017a0d129880, 0x0000017a0d129998]
Event: 311.818 Thread 0x0000017a165ae9b0 5008       4       org.osgi.framework.Version::toString0 (102 bytes)

GC Heap History (20 events):
Event: 8.091 GC heap before
{Heap before GC invocations=10 (full 1):
 PSYoungGen      total 26112K, used 26107K [0x00000000eab00000, 0x00000000ec980000, 0x0000000100000000)
  eden space 24064K, 100% used [0x00000000eab00000,0x00000000ec280000,0x00000000ec280000)
  from space 2048K, 99% used [0x00000000ec780000,0x00000000ec97eda0,0x00000000ec980000)
  to   space 3584K, 0% used [0x00000000ec280000,0x00000000ec280000,0x00000000ec600000)
 ParOldGen       total 68608K, used 10180K [0x00000000c0000000, 0x00000000c4300000, 0x00000000eab00000)
  object space 68608K, 14% used [0x00000000c0000000,0x00000000c09f1000,0x00000000c4300000)
 Metaspace       used 34818K, committed 35456K, reserved 1114112K
  class space    used 3461K, committed 3712K, reserved 1048576K
}
Event: 8.095 GC heap after
{Heap after GC invocations=10 (full 1):
 PSYoungGen      total 26624K, used 2715K [0x00000000eab00000, 0x00000000ec800000, 0x0000000100000000)
  eden space 23552K, 0% used [0x00000000eab00000,0x00000000eab00000,0x00000000ec200000)
  from space 3072K, 88% used [0x00000000ec280000,0x00000000ec526da0,0x00000000ec580000)
  to   space 2560K, 0% used [0x00000000ec580000,0x00000000ec580000,0x00000000ec800000)
 ParOldGen       total 68608K, used 10408K [0x00000000c0000000, 0x00000000c4300000, 0x00000000eab00000)
  object space 68608K, 15% used [0x00000000c0000000,0x00000000c0a2a060,0x00000000c4300000)
 Metaspace       used 34818K, committed 35456K, reserved 1114112K
  class space    used 3461K, committed 3712K, reserved 1048576K
}
Event: 8.140 GC heap before
{Heap before GC invocations=11 (full 1):
 PSYoungGen      total 26624K, used 5544K [0x00000000eab00000, 0x00000000ec800000, 0x0000000100000000)
  eden space 23552K, 12% used [0x00000000eab00000,0x00000000eadc34f8,0x00000000ec200000)
  from space 3072K, 88% used [0x00000000ec280000,0x00000000ec526da0,0x00000000ec580000)
  to   space 2560K, 0% used [0x00000000ec580000,0x00000000ec580000,0x00000000ec800000)
 ParOldGen       total 68608K, used 10408K [0x00000000c0000000, 0x00000000c4300000, 0x00000000eab00000)
  object space 68608K, 15% used [0x00000000c0000000,0x00000000c0a2a060,0x00000000c4300000)
 Metaspace       used 35286K, committed 35840K, reserved 1114112K
  class space    used 3516K, committed 3776K, reserved 1048576K
}
Event: 8.143 GC heap after
{Heap after GC invocations=11 (full 1):
 PSYoungGen      total 25088K, used 1204K [0x00000000eab00000, 0x00000000ec700000, 0x0000000100000000)
  eden space 23552K, 0% used [0x00000000eab00000,0x00000000eab00000,0x00000000ec200000)
  from space 1536K, 78% used [0x00000000ec580000,0x00000000ec6ad3f8,0x00000000ec700000)
  to   space 2048K, 0% used [0x00000000ec300000,0x00000000ec300000,0x00000000ec500000)
 ParOldGen       total 68608K, used 12190K [0x00000000c0000000, 0x00000000c4300000, 0x00000000eab00000)
  object space 68608K, 17% used [0x00000000c0000000,0x00000000c0be7958,0x00000000c4300000)
 Metaspace       used 35286K, committed 35840K, reserved 1114112K
  class space    used 3516K, committed 3776K, reserved 1048576K
}
Event: 8.143 GC heap before
{Heap before GC invocations=12 (full 2):
 PSYoungGen      total 25088K, used 1204K [0x00000000eab00000, 0x00000000ec700000, 0x0000000100000000)
  eden space 23552K, 0% used [0x00000000eab00000,0x00000000eab00000,0x00000000ec200000)
  from space 1536K, 78% used [0x00000000ec580000,0x00000000ec6ad3f8,0x00000000ec700000)
  to   space 2048K, 0% used [0x00000000ec300000,0x00000000ec300000,0x00000000ec500000)
 ParOldGen       total 68608K, used 12190K [0x00000000c0000000, 0x00000000c4300000, 0x00000000eab00000)
  object space 68608K, 17% used [0x00000000c0000000,0x00000000c0be7958,0x00000000c4300000)
 Metaspace       used 35286K, committed 35840K, reserved 1114112K
  class space    used 3516K, committed 3776K, reserved 1048576K
}
Event: 8.184 GC heap after
{Heap after GC invocations=12 (full 2):
 PSYoungGen      total 25088K, used 0K [0x00000000eab00000, 0x00000000ec700000, 0x0000000100000000)
  eden space 23552K, 0% used [0x00000000eab00000,0x00000000eab00000,0x00000000ec200000)
  from space 1536K, 0% used [0x00000000ec580000,0x00000000ec580000,0x00000000ec700000)
  to   space 2048K, 0% used [0x00000000ec300000,0x00000000ec300000,0x00000000ec500000)
 ParOldGen       total 68608K, used 13149K [0x00000000c0000000, 0x00000000c4300000, 0x00000000eab00000)
  object space 68608K, 19% used [0x00000000c0000000,0x00000000c0cd7568,0x00000000c4300000)
 Metaspace       used 35286K, committed 35840K, reserved 1114112K
  class space    used 3516K, committed 3776K, reserved 1048576K
}
Event: 8.748 GC heap before
{Heap before GC invocations=13 (full 2):
 PSYoungGen      total 25088K, used 23552K [0x00000000eab00000, 0x00000000ec700000, 0x0000000100000000)
  eden space 23552K, 100% used [0x00000000eab00000,0x00000000ec200000,0x00000000ec200000)
  from space 1536K, 0% used [0x00000000ec580000,0x00000000ec580000,0x00000000ec700000)
  to   space 2048K, 0% used [0x00000000ec300000,0x00000000ec300000,0x00000000ec500000)
 ParOldGen       total 68608K, used 13149K [0x00000000c0000000, 0x00000000c4300000, 0x00000000eab00000)
  object space 68608K, 19% used [0x00000000c0000000,0x00000000c0cd7568,0x00000000c4300000)
 Metaspace       used 38027K, committed 38656K, reserved 1114112K
  class space    used 3813K, committed 4096K, reserved 1048576K
}
Event: 8.752 GC heap after
{Heap after GC invocations=13 (full 2):
 PSYoungGen      total 24576K, used 1296K [0x00000000eab00000, 0x00000000ec600000, 0x0000000100000000)
  eden space 23040K, 0% used [0x00000000eab00000,0x00000000eab00000,0x00000000ec180000)
  from space 1536K, 84% used [0x00000000ec300000,0x00000000ec444010,0x00000000ec480000)
  to   space 1536K, 0% used [0x00000000ec480000,0x00000000ec480000,0x00000000ec600000)
 ParOldGen       total 68608K, used 13157K [0x00000000c0000000, 0x00000000c4300000, 0x00000000eab00000)
  object space 68608K, 19% used [0x00000000c0000000,0x00000000c0cd9568,0x00000000c4300000)
 Metaspace       used 38027K, committed 38656K, reserved 1114112K
  class space    used 3813K, committed 4096K, reserved 1048576K
}
Event: 8.878 GC heap before
{Heap before GC invocations=14 (full 2):
 PSYoungGen      total 24576K, used 24336K [0x00000000eab00000, 0x00000000ec600000, 0x0000000100000000)
  eden space 23040K, 100% used [0x00000000eab00000,0x00000000ec180000,0x00000000ec180000)
  from space 1536K, 84% used [0x00000000ec300000,0x00000000ec444010,0x00000000ec480000)
  to   space 1536K, 0% used [0x00000000ec480000,0x00000000ec480000,0x00000000ec600000)
 ParOldGen       total 68608K, used 13157K [0x00000000c0000000, 0x00000000c4300000, 0x00000000eab00000)
  object space 68608K, 19% used [0x00000000c0000000,0x00000000c0cd9568,0x00000000c4300000)
 Metaspace       used 38719K, committed 39296K, reserved 1114112K
  class space    used 3894K, committed 4160K, reserved 1048576K
}
Event: 8.883 GC heap after
{Heap after GC invocations=14 (full 2):
 PSYoungGen      total 23552K, used 1504K [0x00000000eab00000, 0x00000000ec900000, 0x0000000100000000)
  eden space 22016K, 0% used [0x00000000eab00000,0x00000000eab00000,0x00000000ec080000)
  from space 1536K, 97% used [0x00000000ec480000,0x00000000ec5f8040,0x00000000ec600000)
  to   space 4096K, 0% used [0x00000000ec080000,0x00000000ec080000,0x00000000ec480000)
 ParOldGen       total 68608K, used 15047K [0x00000000c0000000, 0x00000000c4300000, 0x00000000eab00000)
  object space 68608K, 21% used [0x00000000c0000000,0x00000000c0eb1e10,0x00000000c4300000)
 Metaspace       used 38719K, committed 39296K, reserved 1114112K
  class space    used 3894K, committed 4160K, reserved 1048576K
}
Event: 8.967 GC heap before
{Heap before GC invocations=15 (full 2):
 PSYoungGen      total 23552K, used 23520K [0x00000000eab00000, 0x00000000ec900000, 0x0000000100000000)
  eden space 22016K, 100% used [0x00000000eab00000,0x00000000ec080000,0x00000000ec080000)
  from space 1536K, 97% used [0x00000000ec480000,0x00000000ec5f8040,0x00000000ec600000)
  to   space 4096K, 0% used [0x00000000ec080000,0x00000000ec080000,0x00000000ec480000)
 ParOldGen       total 68608K, used 15047K [0x00000000c0000000, 0x00000000c4300000, 0x00000000eab00000)
  object space 68608K, 21% used [0x00000000c0000000,0x00000000c0eb1e10,0x00000000c4300000)
 Metaspace       used 38761K, committed 39424K, reserved 1114112K
  class space    used 3894K, committed 4160K, reserved 1048576K
}
Event: 8.973 GC heap after
{Heap after GC invocations=15 (full 2):
 PSYoungGen      total 24576K, used 2176K [0x00000000eab00000, 0x00000000ec680000, 0x0000000100000000)
  eden space 22016K, 0% used [0x00000000eab00000,0x00000000eab00000,0x00000000ec080000)
  from space 2560K, 85% used [0x00000000ec080000,0x00000000ec2a0010,0x00000000ec300000)
  to   space 3072K, 0% used [0x00000000ec380000,0x00000000ec380000,0x00000000ec680000)
 ParOldGen       total 68608K, used 16503K [0x00000000c0000000, 0x00000000c4300000, 0x00000000eab00000)
  object space 68608K, 24% used [0x00000000c0000000,0x00000000c101de40,0x00000000c4300000)
 Metaspace       used 38761K, committed 39424K, reserved 1114112K
  class space    used 3894K, committed 4160K, reserved 1048576K
}
Event: 9.033 GC heap before
{Heap before GC invocations=16 (full 2):
 PSYoungGen      total 24576K, used 24192K [0x00000000eab00000, 0x00000000ec680000, 0x0000000100000000)
  eden space 22016K, 100% used [0x00000000eab00000,0x00000000ec080000,0x00000000ec080000)
  from space 2560K, 85% used [0x00000000ec080000,0x00000000ec2a0010,0x00000000ec300000)
  to   space 3072K, 0% used [0x00000000ec380000,0x00000000ec380000,0x00000000ec680000)
 ParOldGen       total 68608K, used 16503K [0x00000000c0000000, 0x00000000c4300000, 0x00000000eab00000)
  object space 68608K, 24% used [0x00000000c0000000,0x00000000c101de40,0x00000000c4300000)
 Metaspace       used 38827K, committed 39552K, reserved 1114112K
  class space    used 3906K, committed 4224K, reserved 1048576K
}
Event: 9.038 GC heap after
{Heap after GC invocations=16 (full 2):
 PSYoungGen      total 24576K, used 2240K [0x00000000eab00000, 0x00000000ec600000, 0x0000000100000000)
  eden space 22016K, 0% used [0x00000000eab00000,0x00000000eab00000,0x00000000ec080000)
  from space 2560K, 87% used [0x00000000ec380000,0x00000000ec5b0000,0x00000000ec600000)
  to   space 2560K, 0% used [0x00000000ec080000,0x00000000ec080000,0x00000000ec300000)
 ParOldGen       total 68608K, used 18649K [0x00000000c0000000, 0x00000000c4300000, 0x00000000eab00000)
  object space 68608K, 27% used [0x00000000c0000000,0x00000000c1236500,0x00000000c4300000)
 Metaspace       used 38827K, committed 39552K, reserved 1114112K
  class space    used 3906K, committed 4224K, reserved 1048576K
}
Event: 9.072 GC heap before
{Heap before GC invocations=17 (full 2):
 PSYoungGen      total 24576K, used 24256K [0x00000000eab00000, 0x00000000ec600000, 0x0000000100000000)
  eden space 22016K, 100% used [0x00000000eab00000,0x00000000ec080000,0x00000000ec080000)
  from space 2560K, 87% used [0x00000000ec380000,0x00000000ec5b0000,0x00000000ec600000)
  to   space 2560K, 0% used [0x00000000ec080000,0x00000000ec080000,0x00000000ec300000)
 ParOldGen       total 68608K, used 18649K [0x00000000c0000000, 0x00000000c4300000, 0x00000000eab00000)
  object space 68608K, 27% used [0x00000000c0000000,0x00000000c1236500,0x00000000c4300000)
 Metaspace       used 38827K, committed 39552K, reserved 1114112K
  class space    used 3906K, committed 4224K, reserved 1048576K
}
Event: 9.078 GC heap after
{Heap after GC invocations=17 (full 2):
 PSYoungGen      total 24576K, used 2528K [0x00000000eab00000, 0x00000000ecb80000, 0x0000000100000000)
  eden space 22016K, 0% used [0x00000000eab00000,0x00000000eab00000,0x00000000ec080000)
  from space 2560K, 98% used [0x00000000ec080000,0x00000000ec2f8010,0x00000000ec300000)
  to   space 5632K, 0% used [0x00000000ec600000,0x00000000ec600000,0x00000000ecb80000)
 ParOldGen       total 68608K, used 20936K [0x00000000c0000000, 0x00000000c4300000, 0x00000000eab00000)
  object space 68608K, 30% used [0x00000000c0000000,0x00000000c14720a8,0x00000000c4300000)
 Metaspace       used 38827K, committed 39552K, reserved 1114112K
  class space    used 3906K, committed 4224K, reserved 1048576K
}
Event: 9.261 GC heap before
{Heap before GC invocations=18 (full 2):
 PSYoungGen      total 24576K, used 24544K [0x00000000eab00000, 0x00000000ecb80000, 0x0000000100000000)
  eden space 22016K, 100% used [0x00000000eab00000,0x00000000ec080000,0x00000000ec080000)
  from space 2560K, 98% used [0x00000000ec080000,0x00000000ec2f8010,0x00000000ec300000)
  to   space 5632K, 0% used [0x00000000ec600000,0x00000000ec600000,0x00000000ecb80000)
 ParOldGen       total 68608K, used 20936K [0x00000000c0000000, 0x00000000c4300000, 0x00000000eab00000)
  object space 68608K, 30% used [0x00000000c0000000,0x00000000c14720a8,0x00000000c4300000)
 Metaspace       used 38905K, committed 39616K, reserved 1114112K
  class space    used 3910K, committed 4224K, reserved 1048576K
}
Event: 9.278 GC heap after
{Heap after GC invocations=18 (full 2):
 PSYoungGen      total 26624K, used 4196K [0x00000000eab00000, 0x00000000eca80000, 0x0000000100000000)
  eden space 22016K, 0% used [0x00000000eab00000,0x00000000eab00000,0x00000000ec080000)
  from space 4608K, 91% used [0x00000000ec600000,0x00000000eca19000,0x00000000eca80000)
  to   space 4608K, 0% used [0x00000000ec180000,0x00000000ec180000,0x00000000ec600000)
 ParOldGen       total 68608K, used 23464K [0x00000000c0000000, 0x00000000c4300000, 0x00000000eab00000)
  object space 68608K, 34% used [0x00000000c0000000,0x00000000c16ea0b8,0x00000000c4300000)
 Metaspace       used 38905K, committed 39616K, reserved 1114112K
  class space    used 3910K, committed 4224K, reserved 1048576K
}
Event: 311.145 GC heap before
{Heap before GC invocations=19 (full 2):
 PSYoungGen      total 26624K, used 26212K [0x00000000eab00000, 0x00000000eca80000, 0x0000000100000000)
  eden space 22016K, 100% used [0x00000000eab00000,0x00000000ec080000,0x00000000ec080000)
  from space 4608K, 91% used [0x00000000ec600000,0x00000000eca19000,0x00000000eca80000)
  to   space 4608K, 0% used [0x00000000ec180000,0x00000000ec180000,0x00000000ec600000)
 ParOldGen       total 68608K, used 23464K [0x00000000c0000000, 0x00000000c4300000, 0x00000000eab00000)
  object space 68608K, 34% used [0x00000000c0000000,0x00000000c16ea0b8,0x00000000c4300000)
 Metaspace       used 39700K, committed 40448K, reserved 1114112K
  class space    used 3973K, committed 4288K, reserved 1048576K
}
Event: 311.155 GC heap after
{Heap after GC invocations=19 (full 2):
 PSYoungGen      total 23552K, used 1357K [0x00000000eab00000, 0x00000000ec680000, 0x0000000100000000)
  eden space 22016K, 0% used [0x00000000eab00000,0x00000000eab00000,0x00000000ec080000)
  from space 1536K, 88% used [0x00000000ec180000,0x00000000ec2d3510,0x00000000ec300000)
  to   space 2560K, 0% used [0x00000000ec400000,0x00000000ec400000,0x00000000ec680000)
 ParOldGen       total 68608K, used 27604K [0x00000000c0000000, 0x00000000c4300000, 0x00000000eab00000)
  object space 68608K, 40% used [0x00000000c0000000,0x00000000c1af50b8,0x00000000c4300000)
 Metaspace       used 39700K, committed 40448K, reserved 1114112K
  class space    used 3973K, committed 4288K, reserved 1048576K
}

Dll operation events (12 events):
Event: 0.238 Loaded shared library c:\Users\jahusted\.vscode\extensions\redhat.java-1.29.0-win32-x64\jre\17.0.10-win32-x86_64\bin\java.dll
Event: 0.716 Loaded shared library c:\Users\jahusted\.vscode\extensions\redhat.java-1.29.0-win32-x64\jre\17.0.10-win32-x86_64\bin\zip.dll
Event: 0.721 Loaded shared library C:\Users\jahusted\.vscode\extensions\redhat.java-1.29.0-win32-x64\jre\17.0.10-win32-x86_64\bin\instrument.dll
Event: 0.786 Loaded shared library C:\Users\jahusted\.vscode\extensions\redhat.java-1.29.0-win32-x64\jre\17.0.10-win32-x86_64\bin\net.dll
Event: 0.822 Loaded shared library C:\Users\jahusted\.vscode\extensions\redhat.java-1.29.0-win32-x64\jre\17.0.10-win32-x86_64\bin\nio.dll
Event: 0.830 Loaded shared library C:\Users\jahusted\.vscode\extensions\redhat.java-1.29.0-win32-x64\jre\17.0.10-win32-x86_64\bin\zip.dll
Event: 0.858 Loaded shared library C:\Users\jahusted\.vscode\extensions\redhat.java-1.29.0-win32-x64\jre\17.0.10-win32-x86_64\bin\jimage.dll
Event: 0.974 Loaded shared library c:\Users\jahusted\.vscode\extensions\redhat.java-1.29.0-win32-x64\jre\17.0.10-win32-x86_64\bin\verify.dll
Event: 4.735 Loaded shared library C:\Users\jahusted\AppData\Roaming\Code\User\globalStorage\redhat.java\1.29.0\config_ss_win\org.eclipse.equinox.launcher\org.eclipse.equinox.launcher.win32.win32.x86_64_1.2.900.v20240213-1244\eclipse_11900.dll
Event: 5.840 Loaded shared library C:\Users\jahusted\.vscode\extensions\redhat.java-1.29.0-win32-x64\jre\17.0.10-win32-x86_64\bin\management.dll
Event: 5.869 Loaded shared library C:\Users\jahusted\.vscode\extensions\redhat.java-1.29.0-win32-x64\jre\17.0.10-win32-x86_64\bin\management_ext.dll
Event: 7.743 Loaded shared library C:\Users\jahusted\AppData\Local\Temp\jna--963130044\jna15023078238877783037.dll

Deoptimization events (20 events):
Event: 311.449 Thread 0x0000017a1c4456a0 Uncommon trap: trap_request=0xffffffbe fr.pc=0x0000017a0d10c868 relative=0x00000000000005a8
Event: 311.449 Thread 0x0000017a1c4456a0 Uncommon trap: reason=profile_predicate action=maybe_recompile pc=0x0000017a0d10c868 method=org.eclipse.jdt.internal.core.util.HashtableOfArrayToObject.get([Ljava/lang/Object;)Ljava/lang/Object; @ 64 c2
Event: 311.449 Thread 0x0000017a1c4456a0 DEOPT PACKING pc=0x0000017a0d10c868 sp=0x00000029769fc310
Event: 311.449 Thread 0x0000017a1c4456a0 DEOPT UNPACKING pc=0x0000017a0c999ea3 sp=0x00000029769fc2c0 mode 2
Event: 311.458 Thread 0x0000017a1c444260 Uncommon trap: trap_request=0xffffff45 fr.pc=0x0000017a0d0d4bc0 relative=0x00000000000002a0
Event: 311.458 Thread 0x0000017a1c444260 Uncommon trap: reason=unstable_if action=reinterpret pc=0x0000017a0d0d4bc0 method=java.io.BufferedOutputStream.write([BII)V @ 6 c2
Event: 311.458 Thread 0x0000017a1c444260 DEOPT PACKING pc=0x0000017a0d0d4bc0 sp=0x0000002976aff060
Event: 311.458 Thread 0x0000017a1c444260 DEOPT UNPACKING pc=0x0000017a0c999ea3 sp=0x0000002976aff028 mode 2
Event: 311.527 Thread 0x0000017a1c4456a0 Uncommon trap: trap_request=0xffffffc6 fr.pc=0x0000017a0d0042c8 relative=0x0000000000009048
Event: 311.527 Thread 0x0000017a1c4456a0 Uncommon trap: reason=bimorphic_or_optimized_type_check action=maybe_recompile pc=0x0000017a0d0042c8 method=lombok.patcher.PatchScript$MethodPatcher.visitMethod(ILjava/lang/String;Ljava/lang/String;Ljava/lang/String;[Ljava/lang/String;)Lorg/lombokweb/asm/
Event: 311.527 Thread 0x0000017a1c4456a0 DEOPT PACKING pc=0x0000017a0d0042c8 sp=0x00000029769faa90
Event: 311.527 Thread 0x0000017a1c4456a0 DEOPT UNPACKING pc=0x0000017a0c999ea3 sp=0x00000029769faa28 mode 2
Event: 311.714 Thread 0x0000017a1c4456a0 DEOPT PACKING pc=0x0000017a05bbfe70 sp=0x00000029769fcc40
Event: 311.714 Thread 0x0000017a1c4456a0 DEOPT UNPACKING pc=0x0000017a0c99a9e3 sp=0x00000029769fc120 mode 0
Event: 311.714 Thread 0x0000017a1c4456a0 Uncommon trap: trap_request=0xffffff45 fr.pc=0x0000017a0cfb8db0 relative=0x0000000000000e90
Event: 311.714 Thread 0x0000017a1c4456a0 Uncommon trap: reason=unstable_if action=reinterpret pc=0x0000017a0cfb8db0 method=java.util.Properties$LineReader.readLine()I @ 325 c2
Event: 311.714 Thread 0x0000017a1c4456a0 DEOPT PACKING pc=0x0000017a0cfb8db0 sp=0x00000029769fcca0
Event: 311.714 Thread 0x0000017a1c4456a0 DEOPT UNPACKING pc=0x0000017a0c999ea3 sp=0x00000029769fcc30 mode 2
Event: 311.728 Thread 0x0000017a1c4456a0 DEOPT PACKING pc=0x0000017a0592f597 sp=0x00000029769fca90
Event: 311.728 Thread 0x0000017a1c4456a0 DEOPT UNPACKING pc=0x0000017a0c99a9e3 sp=0x00000029769fbf90 mode 0

Classes unloaded (7 events):
Event: 5.916 Thread 0x0000017a0060ed20 Unloading class 0x000000010022a400 'java/lang/invoke/LambdaForm$MH+0x000000010022a400'
Event: 5.916 Thread 0x0000017a0060ed20 Unloading class 0x000000010022a000 'java/lang/invoke/LambdaForm$MH+0x000000010022a000'
Event: 5.916 Thread 0x0000017a0060ed20 Unloading class 0x0000000100229c00 'java/lang/invoke/LambdaForm$MH+0x0000000100229c00'
Event: 5.916 Thread 0x0000017a0060ed20 Unloading class 0x0000000100229800 'java/lang/invoke/LambdaForm$MH+0x0000000100229800'
Event: 5.916 Thread 0x0000017a0060ed20 Unloading class 0x0000000100229400 'java/lang/invoke/LambdaForm$BMH+0x0000000100229400'
Event: 5.916 Thread 0x0000017a0060ed20 Unloading class 0x0000000100229000 'java/lang/invoke/LambdaForm$DMH+0x0000000100229000'
Event: 5.916 Thread 0x0000017a0060ed20 Unloading class 0x0000000100220800 'java/lang/invoke/LambdaForm$DMH+0x0000000100220800'

Classes redefined (0 events):
No events

Internal exceptions (20 events):
Event: 309.423 Thread 0x0000017a1c4456a0 Exception <a 'sun/nio/fs/WindowsException'{0x00000000eb249718}> (0x00000000eb249718) 
thrown [s\src\hotspot\share\prims\jni.cpp, line 516]
Event: 309.424 Thread 0x0000017a1c4456a0 Exception <a 'sun/nio/fs/WindowsException'{0x00000000eb250de8}> (0x00000000eb250de8) 
thrown [s\src\hotspot\share\prims\jni.cpp, line 516]
Event: 309.426 Thread 0x0000017a1c4456a0 Exception <a 'sun/nio/fs/WindowsException'{0x00000000eb2608b8}> (0x00000000eb2608b8) 
thrown [s\src\hotspot\share\prims\jni.cpp, line 516]
Event: 309.497 Thread 0x0000017a1c4456a0 Exception <a 'sun/nio/fs/WindowsException'{0x00000000eb2befb0}> (0x00000000eb2befb0) 
thrown [s\src\hotspot\share\prims\jni.cpp, line 516]
Event: 309.516 Thread 0x0000017a1c4456a0 Exception <a 'sun/nio/fs/WindowsException'{0x00000000eb2ead80}> (0x00000000eb2ead80) 
thrown [s\src\hotspot\share\prims\jni.cpp, line 516]
Event: 309.518 Thread 0x0000017a1c4456a0 Exception <a 'sun/nio/fs/WindowsException'{0x00000000eb2f3688}> (0x00000000eb2f3688) 
thrown [s\src\hotspot\share\prims\jni.cpp, line 516]
Event: 309.661 Thread 0x0000017a1c4456a0 Exception <a 'sun/nio/fs/WindowsException'{0x00000000eb307398}> (0x00000000eb307398) 
thrown [s\src\hotspot\share\prims\jni.cpp, line 516]
Event: 309.661 Thread 0x0000017a1c4456a0 Exception <a 'sun/nio/fs/WindowsException'{0x00000000eb309208}> (0x00000000eb309208) 
thrown [s\src\hotspot\share\prims\jni.cpp, line 516]
Event: 309.661 Thread 0x0000017a1c4456a0 Exception <a 'sun/nio/fs/WindowsException'{0x00000000eb3099d8}> (0x00000000eb3099d8) 
thrown [s\src\hotspot\share\prims\jni.cpp, line 516]
Event: 309.661 Thread 0x0000017a1c4456a0 Exception <a 'sun/nio/fs/WindowsException'{0x00000000eb309e28}> (0x00000000eb309e28) 
thrown [s\src\hotspot\share\prims\jni.cpp, line 516]
Event: 309.662 Thread 0x0000017a1c4456a0 Exception <a 'sun/nio/fs/WindowsException'{0x00000000eb30ab38}> (0x00000000eb30ab38) 
thrown [s\src\hotspot\share\prims\jni.cpp, line 516]
Event: 309.663 Thread 0x0000017a1c4456a0 Exception <a 'sun/nio/fs/WindowsException'{0x00000000eb315530}> (0x00000000eb315530) 
thrown [s\src\hotspot\share\prims\jni.cpp, line 516]
Event: 309.673 Thread 0x0000017a1c4456a0 Exception <a 'sun/nio/fs/WindowsException'{0x00000000eb333400}> (0x00000000eb333400) 
thrown [s\src\hotspot\share\prims\jni.cpp, line 516]
Event: 309.674 Thread 0x0000017a1c4456a0 Exception <a 'sun/nio/fs/WindowsException'{0x00000000eb33bf78}> (0x00000000eb33bf78) 
thrown [s\src\hotspot\share\prims\jni.cpp, line 516]
Event: 309.694 Thread 0x0000017a1c4456a0 Exception <a 'sun/nio/fs/WindowsException'{0x00000000eb366260}> (0x00000000eb366260) 
thrown [s\src\hotspot\share\prims\jni.cpp, line 516]
Event: 309.706 Thread 0x0000017a1c4456a0 Exception <a 'sun/nio/fs/WindowsException'{0x00000000eb38ff20}> (0x00000000eb38ff20) 
thrown [s\src\hotspot\share\prims\jni.cpp, line 516]
Event: 311.269 Thread 0x0000017a1c4456a0 Exception <a 'sun/nio/fs/WindowsException'{0x00000000eadd87f8}> (0x00000000eadd87f8) 
thrown [s\src\hotspot\share\prims\jni.cpp, line 516]
Event: 311.275 Thread 0x0000017a1c4456a0 Exception <a 'sun/nio/fs/WindowsException'{0x00000000eae05280}> (0x00000000eae05280) 
thrown [s\src\hotspot\share\prims\jni.cpp, line 516]
Event: 311.282 Thread 0x0000017a1c4456a0 Exception <a 'sun/nio/fs/WindowsException'{0x00000000eae32208}> (0x00000000eae32208) 
thrown [s\src\hotspot\share\prims\jni.cpp, line 516]
Event: 311.296 Thread 0x0000017a1c4456a0 Exception <a 'sun/nio/fs/WindowsException'{0x00000000eae6bd58}> (0x00000000eae6bd58) 
thrown [s\src\hotspot\share\prims\jni.cpp, line 516]

VM Operations (20 events):
Event: 120.322 Executing VM operation: HandshakeAllThreads
Event: 120.323 Executing VM operation: HandshakeAllThreads done
Event: 180.506 Executing VM operation: HandshakeAllThreads
Event: 180.506 Executing VM operation: HandshakeAllThreads done
Event: 240.755 Executing VM operation: HandshakeAllThreads
Event: 240.755 Executing VM operation: HandshakeAllThreads done
Event: 300.838 Executing VM operation: HandshakeAllThreads
Event: 300.838 Executing VM operation: HandshakeAllThreads done
Event: 306.839 Executing VM operation: Cleanup
Event: 306.839 Executing VM operation: Cleanup done
Event: 309.875 Executing VM operation: Cleanup
Event: 309.875 Executing VM operation: Cleanup done
Event: 310.880 Executing VM operation: Cleanup
Event: 310.880 Executing VM operation: Cleanup done
Event: 311.145 Executing VM operation: ParallelGCFailedAllocation
Event: 311.157 Executing VM operation: ParallelGCFailedAllocation done
Event: 311.358 Executing VM operation: HandshakeAllThreads
Event: 311.358 Executing VM operation: HandshakeAllThreads done
Event: 311.540 Executing VM operation: HandshakeAllThreads
Event: 311.540 Executing VM operation: HandshakeAllThreads done

Events (20 events):
Event: 9.407 loading class java/util/stream/Nodes$ConcNode done
Event: 9.418 Thread 0x0000017a1d122a80 Thread exited: 0x0000017a1d122a80
Event: 11.018 Thread 0x0000017a1c443330 Thread exited: 0x0000017a1c443330
Event: 14.806 Thread 0x0000017a1ba6e940 Thread exited: 0x0000017a1ba6e940
Event: 14.837 Thread 0x0000017a1ba15250 Thread exited: 0x0000017a1ba15250
Event: 69.519 Thread 0x0000017a1c442e20 Thread exited: 0x0000017a1c442e20
Event: 309.296 loading class jdk/internal/reflect/UnsafeIntegerFieldAccessorImpl
Event: 309.296 loading class jdk/internal/reflect/UnsafeIntegerFieldAccessorImpl done
Event: 311.353 loading class java/util/AbstractList$ListItr
Event: 311.357 loading class java/util/AbstractList$ListItr done
Event: 311.520 loading class sun/nio/cs/ThreadLocalCoders
Event: 311.520 loading class sun/nio/cs/ThreadLocalCoders done
Event: 311.520 loading class sun/nio/cs/ThreadLocalCoders$1
Event: 311.520 loading class sun/nio/cs/ThreadLocalCoders$Cache
Event: 311.520 loading class sun/nio/cs/ThreadLocalCoders$Cache done
Event: 311.520 loading class sun/nio/cs/ThreadLocalCoders$1 done
Event: 311.520 loading class sun/nio/cs/ThreadLocalCoders$2
Event: 311.520 loading class sun/nio/cs/ThreadLocalCoders$2 done
Event: 311.734 loading class java/lang/ExceptionInInitializerError
Event: 311.736 loading class java/lang/ExceptionInInitializerError done


Dynamic libraries:
0x00007ff656d80000 - 0x00007ff656d8e000 	c:\Users\jahusted\.vscode\extensions\redhat.java-1.29.0-win32-x64\jre\17.0.10-win32-x86_64\bin\java.exe
0x00007ff99e3c0000 - 0x00007ff99e5c9000 	C:\Windows\SYSTEM32\ntdll.dll
0x00007ff99dc70000 - 0x00007ff99dd2d000 	C:\Windows\System32\KERNEL32.DLL
0x00007ff99bb70000 - 0x00007ff99bef4000 	C:\Windows\System32\KERNELBASE.dll
0x00007ff9987f0000 - 0x00007ff998882000 	C:\Windows\SYSTEM32\apphelp.dll
0x00007ff99c020000 - 0x00007ff99c131000 	C:\Windows\System32\ucrtbase.dll
0x00007ff992160000 - 0x00007ff992177000 	c:\Users\jahusted\.vscode\extensions\redhat.java-1.29.0-win32-x64\jre\17.0.10-win32-x86_64\bin\jli.dll
0x00007ff99cb20000 - 0x00007ff99cccd000 	C:\Windows\System32\USER32.dll
0x00007ff99c1e0000 - 0x00007ff99c206000 	C:\Windows\System32\win32u.dll
0x00007ff99e000000 - 0x00007ff99e02a000 	C:\Windows\System32\GDI32.dll
0x00007ff99bf00000 - 0x00007ff99c01e000 	C:\Windows\System32\gdi32full.dll
0x00007ff99c140000 - 0x00007ff99c1dd000 	C:\Windows\System32\msvcp_win.dll
0x00007ff978250000 - 0x00007ff9784f5000 	C:\Windows\WinSxS\amd64_microsoft.windows.common-controls_6595b64144ccf1df_6.0.22000.120_none_9d947278b86cc467\COMCTL32.dll
0x00007ff99e2d0000 - 0x00007ff99e373000 	C:\Windows\System32\msvcrt.dll
0x00007ff991930000 - 0x00007ff99194b000 	c:\Users\jahusted\.vscode\extensions\redhat.java-1.29.0-win32-x64\jre\17.0.10-win32-x86_64\bin\VCRUNTIME140.dll
0x00007ff99dbd0000 - 0x00007ff99dc01000 	C:\Windows\System32\IMM32.DLL
0x00007ff995220000 - 0x00007ff99522c000 	c:\Users\jahusted\.vscode\extensions\redhat.java-1.29.0-win32-x64\jre\17.0.10-win32-x86_64\bin\vcruntime140_1.dll
0x00007ff9918a0000 - 0x00007ff99192d000 	c:\Users\jahusted\.vscode\extensions\redhat.java-1.29.0-win32-x64\jre\17.0.10-win32-x86_64\bin\msvcp140.dll
0x00007ff950100000 - 0x00007ff950d62000 	c:\Users\jahusted\.vscode\extensions\redhat.java-1.29.0-win32-x64\jre\17.0.10-win32-x86_64\bin\server\jvm.dll
0x00007ff99c590000 - 0x00007ff99c63e000 	C:\Windows\System32\ADVAPI32.dll
0x00007ff99deb0000 - 0x00007ff99df4e000 	C:\Windows\System32\sechost.dll
0x00007ff99d6c0000 - 0x00007ff99d7e1000 	C:\Windows\System32\RPCRT4.dll
0x00007ff99b720000 - 0x00007ff99b76d000 	C:\Windows\SYSTEM32\POWRPROF.dll
0x00007ff9951e0000 - 0x00007ff9951e9000 	C:\Windows\SYSTEM32\WSOCK32.dll
0x00007ff99e250000 - 0x00007ff99e2bf000 	C:\Windows\System32\WS2_32.dll
0x00007ff96b130000 - 0x00007ff96b163000 	C:\Windows\SYSTEM32\WINMM.dll
0x00007ff98d680000 - 0x00007ff98d68a000 	C:\Windows\SYSTEM32\VERSION.dll
0x00007ff99b700000 - 0x00007ff99b713000 	C:\Windows\SYSTEM32\UMPDC.dll
0x00007ff99a8c0000 - 0x00007ff99a8d8000 	C:\Windows\SYSTEM32\kernel.appcore.dll
0x00007ff9950c0000 - 0x00007ff9950ca000 	c:\Users\jahusted\.vscode\extensions\redhat.java-1.29.0-win32-x64\jre\17.0.10-win32-x86_64\bin\jimage.dll
0x00007ff994e40000 - 0x00007ff995061000 	C:\Windows\SYSTEM32\DBGHELP.DLL
0x00007ff994e00000 - 0x00007ff994e31000 	C:\Windows\SYSTEM32\dbgcore.DLL
0x00007ff99b850000 - 0x00007ff99b8cf000 	C:\Windows\System32\bcryptPrimitives.dll
0x00007ff994ce0000 - 0x00007ff994cee000 	c:\Users\jahusted\.vscode\extensions\redhat.java-1.29.0-win32-x64\jre\17.0.10-win32-x86_64\bin\instrument.dll
0x00007ff991870000 - 0x00007ff991895000 	c:\Users\jahusted\.vscode\extensions\redhat.java-1.29.0-win32-x64\jre\17.0.10-win32-x86_64\bin\java.dll
0x00007ff991850000 - 0x00007ff991868000 	c:\Users\jahusted\.vscode\extensions\redhat.java-1.29.0-win32-x64\jre\17.0.10-win32-x86_64\bin\zip.dll
0x00007ff99cef0000 - 0x00007ff99d6b5000 	C:\Windows\System32\SHELL32.dll
0x00007ff999920000 - 0x00007ff99a182000 	C:\Windows\SYSTEM32\windows.storage.dll
0x00007ff99c210000 - 0x00007ff99c586000 	C:\Windows\System32\combase.dll
0x00007ff9997b0000 - 0x00007ff999917000 	C:\Windows\SYSTEM32\wintypes.dll
0x00007ff99cce0000 - 0x00007ff99cdca000 	C:\Windows\System32\SHCORE.dll
0x00007ff99c640000 - 0x00007ff99c69d000 	C:\Windows\System32\shlwapi.dll
0x00007ff99b780000 - 0x00007ff99b7a5000 	C:\Windows\SYSTEM32\profapi.dll
0x00007ff991830000 - 0x00007ff991849000 	C:\Users\jahusted\.vscode\extensions\redhat.java-1.29.0-win32-x64\jre\17.0.10-win32-x86_64\bin\net.dll
0x00007ff990ac0000 - 0x00007ff990bd4000 	C:\Windows\SYSTEM32\WINHTTP.dll
0x00007ff99ad70000 - 0x00007ff99add7000 	C:\Windows\system32\mswsock.dll
0x00007ff991810000 - 0x00007ff991826000 	C:\Users\jahusted\.vscode\extensions\redhat.java-1.29.0-win32-x64\jre\17.0.10-win32-x86_64\bin\nio.dll
0x00007ff994960000 - 0x00007ff994970000 	c:\Users\jahusted\.vscode\extensions\redhat.java-1.29.0-win32-x64\jre\17.0.10-win32-x86_64\bin\verify.dll
0x00007ff991390000 - 0x00007ff9913ce000 	C:\Users\jahusted\AppData\Roaming\Code\User\globalStorage\redhat.java\1.29.0\config_ss_win\org.eclipse.equinox.launcher\org.eclipse.equinox.launcher.win32.win32.x86_64_1.2.900.v20240213-1244\eclipse_11900.dll
0x00007ff99da30000 - 0x00007ff99dbca000 	C:\Windows\System32\ole32.dll
0x00007ff994270000 - 0x00007ff994279000 	C:\Users\jahusted\.vscode\extensions\redhat.java-1.29.0-win32-x64\jre\17.0.10-win32-x86_64\bin\management.dll
0x00007ff9941e0000 - 0x00007ff9941eb000 	C:\Users\jahusted\.vscode\extensions\redhat.java-1.29.0-win32-x64\jre\17.0.10-win32-x86_64\bin\management_ext.dll
0x00007ff99e2c0000 - 0x00007ff99e2c8000 	C:\Windows\System32\PSAPI.DLL
0x00007ff99afb0000 - 0x00007ff99afc8000 	C:\Windows\SYSTEM32\CRYPTSP.dll
0x00007ff99a820000 - 0x00007ff99a855000 	C:\Windows\system32\rsaenh.dll
0x00007ff99ae60000 - 0x00007ff99ae8c000 	C:\Windows\SYSTEM32\USERENV.dll
0x00007ff99b130000 - 0x00007ff99b157000 	C:\Windows\SYSTEM32\bcrypt.dll
0x00007ff99ba00000 - 0x00007ff99bb62000 	C:\Windows\System32\CRYPT32.dll
0x00007ff99b4b0000 - 0x00007ff99b4ba000 	C:\Windows\SYSTEM32\DPAPI.dll
0x00007ff99afd0000 - 0x00007ff99afdc000 	C:\Windows\SYSTEM32\CRYPTBASE.dll
0x00007ff99a3e0000 - 0x00007ff99a40d000 	C:\Windows\SYSTEM32\IPHLPAPI.DLL
0x00007ff99dd30000 - 0x00007ff99dd39000 	C:\Windows\System32\NSI.dll
0x00007ff990490000 - 0x00007ff9904a9000 	C:\Windows\SYSTEM32\dhcpcsvc6.DLL
0x00007ff990580000 - 0x00007ff99059e000 	C:\Windows\SYSTEM32\dhcpcsvc.DLL
0x00007ff99a410000 - 0x00007ff99a4f7000 	C:\Windows\SYSTEM32\DNSAPI.dll
0x00007ff98f820000 - 0x00007ff98f865000 	C:\Users\jahusted\AppData\Local\Temp\jna--963130044\jna15023078238877783037.dll

dbghelp: loaded successfully - version: 4.0.5 - missing functions: none
symbol engine: initialized successfully - sym options: 0x614 - pdb path: .;c:\Users\jahusted\.vscode\extensions\redhat.java-1.29.0-win32-x64\jre\17.0.10-win32-x86_64\bin;C:\Windows\SYSTEM32;C:\Windows\WinSxS\amd64_microsoft.windows.common-controls_6595b64144ccf1df_6.0.22000.120_none_9d947278b86cc467;c:\Users\jahusted\.vscode\extensions\redhat.java-1.29.0-win32-x64\jre\17.0.10-win32-x86_64\bin\server;C:\Users\jahusted\AppData\Roaming\Code\User\globalStorage\redhat.java\1.29.0\config_ss_win\org.eclipse.equinox.launcher\org.eclipse.equinox.launcher.win32.win32.x86_64_1.2.900.v20240213-1244;C:\Users\jahusted\AppData\Local\Temp\jna--963130044

VM Arguments:
jvm_args: --add-modules=ALL-SYSTEM --add-opens=java.base/java.util=ALL-UNNAMED --add-opens=java.base/java.lang=ALL-UNNAMED --add-opens=java.base/sun.nio.fs=ALL-UNNAMED -Declipse.application=org.eclipse.jdt.ls.core.id1 -Dosgi.bundles.defaultStartLevel=4 -Declipse.product=org.eclipse.jdt.ls.core.product -Djava.import.generatesMetadataFilesAtProjectRoot=false -DDetectVMInstallationsJob.disabled=true -Dfile.encoding=utf8 -XX:+UseParallelGC -XX:GCTimeRatio=4 -XX:AdaptiveSizePolicyWeight=90 -Dsun.zip.disableMemoryMapping=true -Xmx1G -Xms100m -Xlog:disable -javaagent:c:\Users\jahusted\.vscode\extensions\redhat.java-1.29.0-win32-x64\lombok\lombok-1.18.32.jar 
java_command: c:\Users\jahusted\.vscode\extensions\redhat.java-1.29.0-win32-x64\server\plugins\org.eclipse.equinox.launcher_1.6.800.v20240304-1850.jar -configuration c:\Users\jahusted\AppData\Roaming\Code\User\globalStorage\redhat.java\1.29.0\config_ss_win -data c:\Users\jahusted\AppData\Roaming\Code\User\workspaceStorage\b5cc07b668e1f4394a6de87a70e33d01\redhat.java\ss_ws --stdio
java_class_path (initial): c:\Users\jahusted\.vscode\extensions\redhat.java-1.29.0-win32-x64\server\plugins\org.eclipse.equinox.launcher_1.6.800.v20240304-1850.jar
Launcher Type: SUN_STANDARD

[Global flags]
    uintx AdaptiveSizePolicyWeight                 = 90                                        {product} {command line}
     intx CICompilerCount                          = 2                                         {product} {ergonomic}
    uintx GCTimeRatio                              = 4                                         {product} {command line}
   size_t InitialHeapSize                          = 104857600                                 {product} {command line}
   size_t MaxHeapSize                              = 1073741824                                {product} {command line}
   size_t MaxNewSize                               = 357564416                                 {product} {ergonomic}
   size_t MinHeapDeltaBytes                        = 524288                                    {product} {ergonomic}
   size_t MinHeapSize                              = 104857600                                 {product} {command line}
   size_t NewSize                                  = 34603008                                  {product} {ergonomic}
    uintx NonNMethodCodeHeapSize                   = 5826188                                {pd product} {ergonomic}
    uintx NonProfiledCodeHeapSize                  = 122916026                              {pd product} {ergonomic}
   size_t OldSize                                  = 70254592                                  {product} {ergonomic}
    uintx ProfiledCodeHeapSize                     = 122916026                              {pd product} {ergonomic}
    uintx ReservedCodeCacheSize                    = 251658240                              {pd product} {ergonomic}
     bool SegmentedCodeCache                       = true                                      {product} {ergonomic}
   size_t SoftMaxHeapSize                          = 1073741824                             {manageable} {ergonomic}
     bool UseCompressedClassPointers               = true                           {product lp64_product} {ergonomic}
     bool UseCompressedOops                        = true                           {product lp64_product} {ergonomic}
     bool UseLargePagesIndividualAllocation        = false                                  {pd product} {ergonomic}
     bool UseParallelGC                            = true                                      {product} {command line}

Logging:
Log output configuration:
 #0: stdout all=off uptime,level,tags
 #1: stderr all=off uptime,level,tags

Environment Variables:
PATH=C:\Program Files\Eclipse Adoptium\jdk-17.0.10.7-hotspot\bin;C:\Windows\system32;C:\Windows;C:\Windows\System32\Wbem;C:\Windows\System32\WindowsPowerShell\v1.0\;C:\Windows\System32\OpenSSH\;C:\Program Files\nodejs\;C:\Program Files\Maven\apache-maven-3.8.4\apache-maven-3.9.6\bin;C:\Users\jahusted\AppData\Local\Microsoft\WindowsApps;C:\Users\jahusted\AppData\Local\Programs\Microsoft VS Code\bin;C:\Users\jahusted\AppData\Local\GitHubDesktop\bin;C:\Users\jahusted\AppData\Roaming\npm
USERNAME=jahusted
OS=Windows_NT
PROCESSOR_IDENTIFIER=Intel64 Family 6 Model 106 Stepping 6, GenuineIntel
TMP=C:\Users\jahusted\AppData\Local\Temp
TEMP=C:\Users\jahusted\AppData\Local\Temp



Periodic native trim disabled


---------------  S Y S T E M  ---------------

OS:
 Windows 11 , 64 bit Build 22000 (10.0.22000.2538)
OS uptime: 0 days 0:54 hours
Hyper-V virtualization detected

CPU: total 2 (initial active 2) (2 cores per cpu, 1 threads per core) family 6 model 106 stepping 6 microcode 0xffffffff, cx8, cmov, fxsr, mmx, 3dnowpref, sse, sse2, sse3, ssse3, sse4.1, sse4.2, popcnt, lzcnt, tsc, avx, avx2, aes, erms, clmul, bmi1, bmi2, rtm, adx, avx512f, avx512dq, avx512cd, avx512bw, avx512vl, sha, fma, vzeroupper, avx512_vpopcntdq, avx512_vpclmulqdq, avx512_vaes, avx512_vnni, clflush, clflushopt, clwb, avx512_vbmi2, avx512_vbmi, hv
Processor Information for all 2 processors :
  Max Mhz: 2793, Current Mhz: 2793, Mhz Limit: 2793

Memory: 4k page, system-wide physical 4044M (272M free)
TotalPageFile size 5068M (AvailPageFile size 3M)
current process WorkingSet (physical memory assigned to process): 174M, peak: 185M
current process commit charge ("private bytes"): 236M, peak: 252M

vm_info: OpenJDK 64-Bit Server VM (17.0.10+7) for windows-amd64 JRE (17.0.10+7), built on Jan 16 2024 23:25:11 by "admin" with MS VC++ 16.10 / 16.11 (VS2019)

END.
