#
# There is insufficient memory for the Java Runtime Environment to continue.
# Native memory allocation (mmap) failed to map 268435456 bytes for G1 virtual space
# Possible reasons:
#   The system is out of physical RAM or swap space
#   The process is running with CompressedOops enabled, and the Java Heap may be blocking the growth of the native heap
# Possible solutions:
#   Reduce memory load on the system
#   Increase physical memory or swap space
#   Check if swap backing store is full
#   Decrease Java heap size (-Xmx/-Xms)
#   Decrease number of Java threads
#   Decrease Java thread stack sizes (-Xss)
#   Set larger code cache with -XX:ReservedCodeCacheSize=
#   JVM is running with Zero Based Compressed Oops mode in which the Java heap is
#     placed in the first 32GB address space. The Java Heap base address is the
#     maximum limit for the native heap growth. Please use -XX:HeapBaseMinAddress
#     to set the Java Heap base and to place the Java Heap above 32GB virtual address.
# This output file may be truncated or incomplete.
#
#  Out of Memory Error (os_windows.cpp:3613), pid=12828, tid=10428
#
# JRE version:  (17.0.10+7) (build )
# Java VM: OpenJDK 64-Bit Server VM (17.0.10+7, mixed mode, sharing, tiered, compressed oops, compressed class ptrs, g1 gc, windows-amd64)
# No core dump will be written. Minidumps are not enabled by default on client versions of Windows
#

---------------  S U M M A R Y ------------

Command Line: -XX:+ShowCodeDetailsInExceptionMessages com.example.showstarter.Application

Host: Intel(R) Xeon(R) Platinum 8272CL CPU @ 2.60GHz, 4 cores, 15G,  Windows 11 , 64 bit Build 22621 (10.0.22621.3374)
Time: Tue Apr 16 23:32:25 2024 Eastern Daylight Time elapsed time: 0.030386 seconds (0d 0h 0m 0s)

---------------  T H R E A D  ---------------

Current thread (0x000001d078e05d10):  JavaThread "Unknown thread" [_thread_in_vm, id=10428, stack(0x0000003a51f00000,0x0000003a52000000)]

Stack: [0x0000003a51f00000,0x0000003a52000000]
Native frames: (J=compiled Java code, j=interpreted, Vv=VM code, C=native code)
V  [jvm.dll+0x67d2c9]
V  [jvm.dll+0x834afa]
V  [jvm.dll+0x8365be]
V  [jvm.dll+0x836c23]
V  [jvm.dll+0x2477ff]
V  [jvm.dll+0x67a109]
V  [jvm.dll+0x66eb7a]
V  [jvm.dll+0x30764b]
V  [jvm.dll+0x30eaf6]
V  [jvm.dll+0x35e83e]
V  [jvm.dll+0x35ea6f]
V  [jvm.dll+0x2de248]
V  [jvm.dll+0x2df1b4]
V  [jvm.dll+0x806361]
V  [jvm.dll+0x36c6f1]
V  [jvm.dll+0x7e4e06]
V  [jvm.dll+0x3eff3f]
V  [jvm.dll+0x3f1b71]
C  [jli.dll+0x528f]
C  [ucrtbase.dll+0x29333]
C  [KERNEL32.DLL+0x1257d]
C  [ntdll.dll+0x5aa48]


---------------  P R O C E S S  ---------------

Threads class SMR info:
_java_thread_list=0x00007ffdbfb7ee98, length=0, elements={
}

Java Threads: ( => current thread )

Other Threads:
  0x000001d078e778a0 GCTaskThread "GC Thread#0" [stack: 0x0000003a52000000,0x0000003a52100000] [id=4864]
  0x000001d078e88730 ConcurrentGCThread "G1 Main Marker" [stack: 0x0000003a52100000,0x0000003a52200000] [id=12716]
  0x000001d078e898f0 ConcurrentGCThread "G1 Conc#0" [stack: 0x0000003a52200000,0x0000003a52300000] [id=8568]

[error occurred during error reporting (printing all threads), id 0xc0000005, EXCEPTION_ACCESS_VIOLATION (0xc0000005) at pc=0x00007ffdbf33ec87]

VM state: not at safepoint (not fully initialized)

VM Mutex/Monitor currently owned by a thread:  ([mutex/lock_event])
[0x000001d078e00160] Heap_lock - owner thread: 0x000001d078e05d10

Heap address: 0x0000000700c00000, size: 4084 MB, Compressed Oops mode: Zero based, Oop shift amount: 3

CDS archive(s) mapped at: [0x0000000000000000-0x0000000000000000-0x0000000000000000), size 0, SharedBaseAddress: 0x0000000800000000, ArchiveRelocationMode: 1.
Narrow klass base: 0x0000000000000000, Narrow klass shift: 0, Narrow klass range: 0x0

GC Precious Log:
<Empty>

Heap:
 garbage-first heap   total 0K, used 0K [0x0000000700c00000, 0x0000000800000000)
  region size 2048K, 0 young (0K), 0 survivors (0K)

[error occurred during error reporting (printing heap information), id 0xc0000005, EXCEPTION_ACCESS_VIOLATION (0xc0000005) at pc=0x00007ffdbf726fb9]

GC Heap History (0 events):
No events

Dll operation events (1 events):
Event: 0.009 Loaded shared library C:\Program Files\Eclipse Adoptium\jdk-17.0.10.7-hotspot\bin\java.dll

Deoptimization events (0 events):
No events

Classes unloaded (0 events):
No events

Classes redefined (0 events):
No events

Internal exceptions (0 events):
No events

VM Operations (0 events):
No events

Events (0 events):
No events


Dynamic libraries:
0x00007ff6147e0000 - 0x00007ff6147ee000 	C:\Program Files\Eclipse Adoptium\jdk-17.0.10.7-hotspot\bin\java.exe
0x00007ffdf3e90000 - 0x00007ffdf40a6000 	C:\WINDOWS\SYSTEM32\ntdll.dll
0x00007ffdf2980000 - 0x00007ffdf2a44000 	C:\WINDOWS\System32\KERNEL32.DLL
0x00007ffdf16b0000 - 0x00007ffdf1a57000 	C:\WINDOWS\System32\KERNELBASE.dll
0x00007ffdf1350000 - 0x00007ffdf1461000 	C:\WINDOWS\System32\ucrtbase.dll
0x00007ffdd5db0000 - 0x00007ffdd5dc7000 	C:\Program Files\Eclipse Adoptium\jdk-17.0.10.7-hotspot\bin\jli.dll
0x00007ffdf1d90000 - 0x00007ffdf1f3e000 	C:\WINDOWS\System32\USER32.dll
0x00007ffdf1b90000 - 0x00007ffdf1bb6000 	C:\WINDOWS\System32\win32u.dll
0x00007ffdf1d60000 - 0x00007ffdf1d89000 	C:\WINDOWS\System32\GDI32.dll
0x00007ffdf11b0000 - 0x00007ffdf12c9000 	C:\WINDOWS\System32\gdi32full.dll
0x00007ffdf1470000 - 0x00007ffdf150a000 	C:\WINDOWS\System32\msvcp_win.dll
0x00007ffdd5d90000 - 0x00007ffdd5dab000 	C:\Program Files\Eclipse Adoptium\jdk-17.0.10.7-hotspot\bin\VCRUNTIME140.dll
0x00007ffdd15c0000 - 0x00007ffdd1853000 	C:\WINDOWS\WinSxS\amd64_microsoft.windows.common-controls_6595b64144ccf1df_6.0.22621.3235_none_270f74e173860f98\COMCTL32.dll
0x00007ffdf2bc0000 - 0x00007ffdf2c67000 	C:\WINDOWS\System32\msvcrt.dll
0x00007ffdf2050000 - 0x00007ffdf2081000 	C:\WINDOWS\System32\IMM32.DLL
0x00007ffde0c90000 - 0x00007ffde0c9c000 	C:\Program Files\Eclipse Adoptium\jdk-17.0.10.7-hotspot\bin\vcruntime140_1.dll
0x00007ffdd4f20000 - 0x00007ffdd4fad000 	C:\Program Files\Eclipse Adoptium\jdk-17.0.10.7-hotspot\bin\msvcp140.dll
0x00007ffdbf050000 - 0x00007ffdbfcb2000 	C:\Program Files\Eclipse Adoptium\jdk-17.0.10.7-hotspot\bin\server\jvm.dll
0x00007ffdf2a50000 - 0x00007ffdf2b02000 	C:\WINDOWS\System32\ADVAPI32.dll
0x00007ffdf3000000 - 0x00007ffdf30a8000 	C:\WINDOWS\System32\sechost.dll
0x00007ffdf1680000 - 0x00007ffdf16a8000 	C:\WINDOWS\System32\bcrypt.dll
0x00007ffdf3600000 - 0x00007ffdf3715000 	C:\WINDOWS\System32\RPCRT4.dll
0x00007ffdf1080000 - 0x00007ffdf10cd000 	C:\WINDOWS\SYSTEM32\POWRPROF.dll
0x00007ffdd3cb0000 - 0x00007ffdd3cb9000 	C:\WINDOWS\SYSTEM32\WSOCK32.dll
0x00007ffdf1f50000 - 0x00007ffdf1fc1000 	C:\WINDOWS\System32\WS2_32.dll
0x00007ffde8d40000 - 0x00007ffde8d74000 	C:\WINDOWS\SYSTEM32\WINMM.dll
0x00007ffde5c30000 - 0x00007ffde5c3a000 	C:\WINDOWS\SYSTEM32\VERSION.dll
0x00007ffdf1060000 - 0x00007ffdf1073000 	C:\WINDOWS\SYSTEM32\UMPDC.dll
0x00007ffdf01b0000 - 0x00007ffdf01c8000 	C:\WINDOWS\SYSTEM32\kernel.appcore.dll
0x00007ffde0c70000 - 0x00007ffde0c7a000 	C:\Program Files\Eclipse Adoptium\jdk-17.0.10.7-hotspot\bin\jimage.dll
0x00007ffdded40000 - 0x00007ffddef73000 	C:\WINDOWS\SYSTEM32\DBGHELP.DLL
0x00007ffdf2c70000 - 0x00007ffdf2ff8000 	C:\WINDOWS\System32\combase.dll
0x00007ffdf1c10000 - 0x00007ffdf1ce7000 	C:\WINDOWS\System32\OLEAUT32.dll
0x00007ffdded00000 - 0x00007ffdded32000 	C:\WINDOWS\SYSTEM32\dbgcore.DLL
0x00007ffdf12d0000 - 0x00007ffdf1349000 	C:\WINDOWS\System32\bcryptPrimitives.dll
0x00007ffdd5d60000 - 0x00007ffdd5d85000 	C:\Program Files\Eclipse Adoptium\jdk-17.0.10.7-hotspot\bin\java.dll

dbghelp: loaded successfully - version: 4.0.5 - missing functions: none
symbol engine: initialized successfully - sym options: 0x614 - pdb path: .;C:\Program Files\Eclipse Adoptium\jdk-17.0.10.7-hotspot\bin;C:\WINDOWS\SYSTEM32;C:\WINDOWS\WinSxS\amd64_microsoft.windows.common-controls_6595b64144ccf1df_6.0.22621.3235_none_270f74e173860f98;C:\Program Files\Eclipse Adoptium\jdk-17.0.10.7-hotspot\bin\server

VM Arguments:
jvm_args: -XX:+ShowCodeDetailsInExceptionMessages 
java_command: com.example.showstarter.Application
java_class_path (initial): C:\Users\jahusted\Documents\GitHub\Show-Starter\target\classes;C:\Users\jahusted\.m2\repository\javax\transaction\jta\1.1\jta-1.1.jar;C:\Users\jahusted\.m2\repository\org\springframework\boot\spring-boot-starter-web\3.2.4\spring-boot-starter-web-3.2.4.jar;C:\Users\jahusted\.m2\repository\org\springframework\boot\spring-boot-starter\3.2.4\spring-boot-starter-3.2.4.jar;C:\Users\jahusted\.m2\repository\org\springframework\boot\spring-boot-starter-logging\3.2.4\spring-boot-starter-logging-3.2.4.jar;C:\Users\jahusted\.m2\repository\ch\qos\logback\logback-classic\1.4.14\logback-classic-1.4.14.jar;C:\Users\jahusted\.m2\repository\ch\qos\logback\logback-core\1.4.14\logback-core-1.4.14.jar;C:\Users\jahusted\.m2\repository\org\apache\logging\log4j\log4j-to-slf4j\2.21.1\log4j-to-slf4j-2.21.1.jar;C:\Users\jahusted\.m2\repository\org\apache\logging\log4j\log4j-api\2.21.1\log4j-api-2.21.1.jar;C:\Users\jahusted\.m2\repository\org\slf4j\jul-to-slf4j\2.0.12\jul-to-slf4j-2.0.12.jar;C:\Users\jahusted\.m2\repository\org\yaml\snakeyaml\2.2\snakeyaml-2.2.jar;C:\Users\jahusted\.m2\repository\org\springframework\boot\spring-boot-starter-json\3.2.4\spring-boot-starter-json-3.2.4.jar;C:\Users\jahusted\.m2\repository\com\fasterxml\jackson\core\jackson-databind\2.15.4\jackson-databind-2.15.4.jar;C:\Users\jahusted\.m2\repository\com\fasterxml\jackson\core\jackson-annotations\2.15.4\jackson-annotations-2.15.4.jar;C:\Users\jahusted\.m2\repository\com\fasterxml\jackson\datatype\jackson-datatype-jdk8\2.15.4\jackson-datatype-jdk8-2.15.4.jar;C:\Users\jahusted\.m2\repository\com\fasterxml\jackson\datatype\jackson-datatype-jsr310\2.15.4\jackson-datatype-jsr310-2.15.4.jar;C:\Users\jahusted\.m2\repository\com\fasterxml\jackson\module\jackson-module-parameter-names\2.15.4\jackson-module-parameter-names-2.15.4.jar;C:\Users\jahusted\.m2\repository\org\springframework\boot\spring-boot-starter-tomcat\3.2.4\spring-boot-starter-tomcat-3.2.4.jar;C:\Users\jahusted\.m2\repository\org\a
Launcher Type: SUN_STANDARD

[Global flags]
     intx CICompilerCount                          = 3                                         {product} {ergonomic}
     uint ConcGCThreads                            = 1                                         {product} {ergonomic}
     uint G1ConcRefinementThreads                  = 4                                         {product} {ergonomic}
   size_t G1HeapRegionSize                         = 2097152                                   {product} {ergonomic}
    uintx GCDrainStackTargetSize                   = 64                                        {product} {ergonomic}
   size_t InitialHeapSize                          = 268435456                                 {product} {ergonomic}
   size_t MarkStackSize                            = 4194304                                   {product} {ergonomic}
   size_t MaxHeapSize                              = 4282384384                                {product} {ergonomic}
   size_t MinHeapDeltaBytes                        = 2097152                                   {product} {ergonomic}
   size_t MinHeapSize                              = 8388608                                   {product} {ergonomic}
    uintx NonNMethodCodeHeapSize                   = 5832780                                {pd product} {ergonomic}
    uintx NonProfiledCodeHeapSize                  = 122912730                              {pd product} {ergonomic}
    uintx ProfiledCodeHeapSize                     = 122912730                              {pd product} {ergonomic}
    uintx ReservedCodeCacheSize                    = 251658240                              {pd product} {ergonomic}
     bool SegmentedCodeCache                       = true                                      {product} {ergonomic}
     bool ShowCodeDetailsInExceptionMessages       = true                                   {manageable} {command line}
   size_t SoftMaxHeapSize                          = 4282384384                             {manageable} {ergonomic}
     bool UseCompressedClassPointers               = true                           {product lp64_product} {ergonomic}
     bool UseCompressedOops                        = true                           {product lp64_product} {ergonomic}
     bool UseG1GC                                  = true                                      {product} {ergonomic}
     bool UseLargePagesIndividualAllocation        = false                                  {pd product} {ergonomic}

Logging:
Log output configuration:
 #0: stdout all=warning uptime,level,tags
 #1: stderr all=off uptime,level,tags

Environment Variables:
PATH=C:\Program Files\Microsoft SDKs\Azure\CLI2\wbin;C:\Program Files (x86)\Common Files\Oracle\Java\javapath;C:\Program Files\Eclipse Adoptium\jdk-17.0.10.7-hotspot\bin;C:\WINDOWS\system32;C:\WINDOWS;C:\WINDOWS\System32\Wbem;C:\WINDOWS\System32\WindowsPowerShell\v1.0\;C:\WINDOWS\System32\OpenSSH\;C:\Program Files\nodejs\;C:\Program Files\Maven\apache-maven-3.8.4\apache-maven-3.9.6\bin;C:\Program Files\Git\cmd;C:\Users\jahusted\AppData\Local\Microsoft\WindowsApps;C:\Users\jahusted\AppData\Local\Programs\Microsoft VS Code\bin;C:\Users\jahusted\AppData\Local\GitHubDesktop\bin;C:\Users\jahusted\AppData\Roaming\npm;;C:\Users\jahusted\AppData\Local\Programs\Azure Data Studio\bin
USERNAME=jahusted
LANG=en_US.UTF-8
OS=Windows_NT
PROCESSOR_IDENTIFIER=Intel64 Family 6 Model 85 Stepping 7, GenuineIntel
TMP=C:\Users\jahusted\AppData\Local\Temp
TEMP=C:\Users\jahusted\AppData\Local\Temp



Periodic native trim disabled


---------------  S Y S T E M  ---------------

OS:
 Windows 11 , 64 bit Build 22621 (10.0.22621.3374)
OS uptime: 0 days 5:35 hours
Hyper-V virtualization detected

CPU: total 4 (initial active 4) (4 cores per cpu, 1 threads per core) family 6 model 85 stepping 7 microcode 0xffffffff, cx8, cmov, fxsr, mmx, 3dnowpref, sse, sse2, sse3, ssse3, sse4.1, sse4.2, popcnt, lzcnt, tsc, avx, avx2, aes, erms, clmul, bmi1, bmi2, rtm, adx, avx512f, avx512dq, avx512cd, avx512bw, avx512vl, fma, vzeroupper, avx512_vnni, clflush, clflushopt, clwb, hv
Processor Information for all 4 processors :
  Max Mhz: 2594, Current Mhz: 2594, Mhz Limit: 2594

Memory: 4k page, system-wide physical 16332M (436M free)
TotalPageFile size 20428M (AvailPageFile size 95M)
current process WorkingSet (physical memory assigned to process): 11M, peak: 11M
current process commit charge ("private bytes"): 52M, peak: 308M

vm_info: OpenJDK 64-Bit Server VM (17.0.10+7) for windows-amd64 JRE (17.0.10+7), built on Jan 16 2024 23:25:11 by "admin" with MS VC++ 16.10 / 16.11 (VS2019)

END.
